2026-02-24 20:52:41 | --------------------------------
2026-02-24 20:52:41 | Starting Training Session
2026-02-24 20:52:41 | --------------------------------
2026-02-24 20:52:42 | --------------------------------
2026-02-24 20:52:42 | Starting Training Session
2026-02-24 20:52:42 | --------------------------------
2026-02-24 20:52:57 | Device: cuda
2026-02-24 20:54:07 | --------------------------------
2026-02-24 20:54:07 | Starting Training Session
2026-02-24 20:54:07 | --------------------------------
2026-02-24 20:54:27 | Device: cuda
2026-02-24 21:04:37 | --------------------------------
2026-02-24 21:04:37 | Starting Training Session
2026-02-24 21:04:37 | --------------------------------
2026-02-24 21:04:38 | Device: cuda
2026-02-24 21:06:57 | Epoch 1/30 [138.5s]
2026-02-24 21:06:57 |    Train Loss: 0.0292
2026-02-24 21:06:57 |    Val   Loss: 0.0067
2026-02-24 21:06:57 |    --> Saving Best Model (0.0067)
2026-02-24 21:09:16 | Epoch 2/30 [139.9s]
2026-02-24 21:09:16 |    Train Loss: 0.0221
2026-02-24 21:09:16 |    Val   Loss: 0.0036
2026-02-24 21:09:16 |    --> Saving Best Model (0.0036)
2026-02-24 21:11:35 | Epoch 3/30 [138.8s]
2026-02-24 21:11:35 |    Train Loss: 0.0166
2026-02-24 21:11:35 |    Val   Loss: 0.0026
2026-02-24 21:11:35 |    --> Saving Best Model (0.0026)
2026-02-24 21:13:56 | Epoch 4/30 [140.8s]
2026-02-24 21:13:56 |    Train Loss: 0.0121
2026-02-24 21:13:56 |    Val   Loss: 0.0011
2026-02-24 21:13:56 |    --> Saving Best Model (0.0011)
2026-02-24 21:16:18 | Epoch 5/30 [141.7s]
2026-02-24 21:16:18 |    Train Loss: 0.0087
2026-02-24 21:16:18 |    Val   Loss: 0.0007
2026-02-24 21:16:18 |    --> Saving Best Model (0.0007)
2026-02-24 21:18:36 | Epoch 6/30 [138.0s]
2026-02-24 21:18:36 |    Train Loss: 0.0062
2026-02-24 21:18:36 |    Val   Loss: 0.0004
2026-02-24 21:18:36 |    --> Saving Best Model (0.0004)
2026-02-24 21:20:59 | Epoch 7/30 [142.5s]
2026-02-24 21:20:59 |    Train Loss: 0.0045
2026-02-24 21:20:59 |    Val   Loss: 0.0003
2026-02-24 21:20:59 |    --> Saving Best Model (0.0003)
2026-02-24 21:23:26 | Epoch 8/30 [147.7s]
2026-02-24 21:23:26 |    Train Loss: 0.0033
2026-02-24 21:23:26 |    Val   Loss: 0.0002
2026-02-24 21:23:26 |    --> Saving Best Model (0.0002)
2026-02-24 21:25:53 | Epoch 9/30 [146.3s]
2026-02-24 21:25:53 |    Train Loss: 0.0026
2026-02-24 21:25:53 |    Val   Loss: 0.0002
2026-02-24 21:25:53 |    --> Saving Best Model (0.0002)
2026-02-24 21:28:23 | Epoch 10/30 [150.7s]
2026-02-24 21:28:23 |    Train Loss: 0.0021
2026-02-24 21:28:23 |    Val   Loss: 0.0001
2026-02-24 21:28:23 |    --> Saving Best Model (0.0001)
2026-02-24 21:30:50 | Epoch 11/30 [146.8s]
2026-02-24 21:30:50 |    Train Loss: 0.0017
2026-02-24 21:30:50 |    Val   Loss: 0.0001
2026-02-24 21:33:09 | Epoch 12/30 [139.1s]
2026-02-24 21:33:09 |    Train Loss: 0.0014
2026-02-24 21:33:09 |    Val   Loss: 0.0001
2026-02-24 21:33:09 |    --> Saving Best Model (0.0001)
2026-02-24 21:35:27 | Epoch 13/30 [137.7s]
2026-02-24 21:35:27 |    Train Loss: 0.0012
2026-02-24 21:35:27 |    Val   Loss: 0.0001
2026-02-24 21:35:27 |    --> Saving Best Model (0.0001)
2026-02-24 21:37:45 | Epoch 14/30 [137.5s]
2026-02-24 21:37:45 |    Train Loss: 0.0011
2026-02-24 21:37:45 |    Val   Loss: 0.0001
2026-02-24 21:37:45 |    --> Saving Best Model (0.0001)
2026-02-24 21:40:02 | Epoch 15/30 [137.9s]
2026-02-24 21:40:02 |    Train Loss: 0.0010
2026-02-24 21:40:02 |    Val   Loss: 0.0001
2026-02-24 21:40:02 |    --> Saving Best Model (0.0001)
