2026-02-10 18:38:22 | --------------------------------
2026-02-10 18:38:22 | Starting Training Session
2026-02-10 18:38:22 | --------------------------------
2026-02-10 18:38:28 | Epoch 1/30
2026-02-10 18:38:28 |    Train Loss: 0.7434 | Acc: 79.17%
2026-02-10 18:38:28 |    Val   Loss: 0.1560 | Acc: 95.13%
2026-02-10 18:38:28 |    --> Saving Best Model (0.1560)
2026-02-10 18:38:35 | Epoch 2/30
2026-02-10 18:38:35 |    Train Loss: 0.1221 | Acc: 96.26%
2026-02-10 18:38:35 |    Val   Loss: 0.1226 | Acc: 96.01%
2026-02-10 18:38:35 |    --> Saving Best Model (0.1226)
2026-02-10 18:38:41 | Epoch 3/30
2026-02-10 18:38:41 |    Train Loss: 0.0873 | Acc: 97.29%
2026-02-10 18:38:41 |    Val   Loss: 0.0976 | Acc: 96.90%
2026-02-10 18:38:41 |    --> Saving Best Model (0.0976)
2026-02-10 18:38:48 | Epoch 4/30
2026-02-10 18:38:48 |    Train Loss: 0.0698 | Acc: 97.88%
2026-02-10 18:38:48 |    Val   Loss: 0.0775 | Acc: 97.62%
2026-02-10 18:38:48 |    --> Saving Best Model (0.0775)
2026-02-10 18:38:54 | Epoch 5/30
2026-02-10 18:38:54 |    Train Loss: 0.0586 | Acc: 98.21%
2026-02-10 18:38:54 |    Val   Loss: 0.0627 | Acc: 98.08%
2026-02-10 18:38:54 |    --> Saving Best Model (0.0627)
2026-02-10 18:39:00 | Epoch 6/30
2026-02-10 18:39:00 |    Train Loss: 0.0505 | Acc: 98.47%
2026-02-10 18:39:00 |    Val   Loss: 0.0662 | Acc: 97.94%
2026-02-10 18:39:07 | Epoch 7/30
2026-02-10 18:39:07 |    Train Loss: 0.0447 | Acc: 98.61%
2026-02-10 18:39:07 |    Val   Loss: 0.0614 | Acc: 98.03%
2026-02-10 18:39:07 |    --> Saving Best Model (0.0614)
2026-02-10 18:39:13 | Epoch 8/30
2026-02-10 18:39:13 |    Train Loss: 0.0384 | Acc: 98.84%
2026-02-10 18:39:13 |    Val   Loss: 0.0592 | Acc: 98.20%
2026-02-10 18:39:13 |    --> Saving Best Model (0.0592)
2026-02-10 18:39:19 | Epoch 9/30
2026-02-10 18:39:19 |    Train Loss: 0.0344 | Acc: 98.96%
2026-02-10 18:39:19 |    Val   Loss: 0.0685 | Acc: 97.89%
2026-02-10 18:39:26 | Epoch 10/30
2026-02-10 18:39:26 |    Train Loss: 0.0314 | Acc: 99.05%
2026-02-10 18:39:26 |    Val   Loss: 0.0597 | Acc: 98.12%
2026-02-10 18:39:32 | Epoch 11/30
2026-02-10 18:39:32 |    Train Loss: 0.0281 | Acc: 99.15%
2026-02-10 18:39:32 |    Val   Loss: 0.0634 | Acc: 98.05%
2026-02-10 18:39:39 | Epoch 12/30
2026-02-10 18:39:39 |    Train Loss: 0.0250 | Acc: 99.26%
2026-02-10 18:39:39 |    Val   Loss: 0.0558 | Acc: 98.35%
2026-02-10 18:39:39 |    --> Saving Best Model (0.0558)
2026-02-10 18:39:45 | Epoch 13/30
2026-02-10 18:39:45 |    Train Loss: 0.0227 | Acc: 99.37%
2026-02-10 18:39:45 |    Val   Loss: 0.0589 | Acc: 98.18%
2026-02-10 18:39:51 | Epoch 14/30
2026-02-10 18:39:51 |    Train Loss: 0.0201 | Acc: 99.41%
2026-02-10 18:39:51 |    Val   Loss: 0.0631 | Acc: 98.03%
2026-02-10 18:39:58 | Epoch 15/30
2026-02-10 18:39:58 |    Train Loss: 0.0177 | Acc: 99.49%
2026-02-10 18:39:58 |    Val   Loss: 0.0542 | Acc: 98.37%
2026-02-10 18:39:58 |    --> Saving Best Model (0.0542)
2026-02-10 18:40:04 | Epoch 16/30
2026-02-10 18:40:04 |    Train Loss: 0.0158 | Acc: 99.58%
2026-02-10 18:40:04 |    Val   Loss: 0.0669 | Acc: 98.01%
2026-02-10 18:40:11 | Epoch 17/30
2026-02-10 18:40:11 |    Train Loss: 0.0145 | Acc: 99.62%
2026-02-10 18:40:11 |    Val   Loss: 0.0559 | Acc: 98.47%
2026-02-10 18:40:18 | Epoch 18/30
2026-02-10 18:40:18 |    Train Loss: 0.0125 | Acc: 99.68%
2026-02-10 18:40:18 |    Val   Loss: 0.0545 | Acc: 98.42%
2026-02-10 18:40:24 | Epoch 19/30
2026-02-10 18:40:24 |    Train Loss: 0.0112 | Acc: 99.73%
2026-02-10 18:40:24 |    Val   Loss: 0.0576 | Acc: 98.38%
2026-02-10 18:40:31 | Epoch 20/30
2026-02-10 18:40:31 |    Train Loss: 0.0100 | Acc: 99.79%
2026-02-10 18:40:31 |    Val   Loss: 0.0568 | Acc: 98.42%
2026-02-10 18:40:38 | Epoch 21/30
2026-02-10 18:40:38 |    Train Loss: 0.0088 | Acc: 99.82%
2026-02-10 18:40:38 |    Val   Loss: 0.0747 | Acc: 97.79%
2026-02-10 18:40:44 | Epoch 22/30
2026-02-10 18:40:44 |    Train Loss: 0.0076 | Acc: 99.87%
2026-02-10 18:40:44 |    Val   Loss: 0.0577 | Acc: 98.45%
2026-02-10 18:40:51 | Epoch 23/30
2026-02-10 18:40:51 |    Train Loss: 0.0070 | Acc: 99.88%
2026-02-10 18:40:51 |    Val   Loss: 0.0622 | Acc: 98.38%
2026-02-10 18:40:58 | Epoch 24/30
2026-02-10 18:40:58 |    Train Loss: 0.0061 | Acc: 99.91%
2026-02-10 18:40:58 |    Val   Loss: 0.0573 | Acc: 98.43%
2026-02-10 18:41:04 | Epoch 25/30
2026-02-10 18:41:04 |    Train Loss: 0.0054 | Acc: 99.95%
2026-02-10 18:41:04 |    Val   Loss: 0.0591 | Acc: 98.48%
2026-02-10 18:41:11 | Epoch 26/30
2026-02-10 18:41:11 |    Train Loss: 0.0049 | Acc: 99.95%
2026-02-10 18:41:11 |    Val   Loss: 0.0606 | Acc: 98.43%
2026-02-10 18:41:17 | Epoch 27/30
2026-02-10 18:41:17 |    Train Loss: 0.0045 | Acc: 99.96%
2026-02-10 18:41:17 |    Val   Loss: 0.0614 | Acc: 98.43%
2026-02-10 18:41:24 | Epoch 28/30
2026-02-10 18:41:24 |    Train Loss: 0.0040 | Acc: 99.97%
2026-02-10 18:41:24 |    Val   Loss: 0.0611 | Acc: 98.47%
2026-02-10 18:41:30 | Epoch 29/30
2026-02-10 18:41:30 |    Train Loss: 0.0037 | Acc: 99.96%
2026-02-10 18:41:30 |    Val   Loss: 0.0602 | Acc: 98.50%
2026-02-10 18:41:37 | Epoch 30/30
2026-02-10 18:41:37 |    Train Loss: 0.0034 | Acc: 99.97%
2026-02-10 18:41:37 |    Val   Loss: 0.0638 | Acc: 98.44%
2026-02-10 18:41:37 | Training Complete.
