2026-02-08 18:07:00 | --------------------------------
2026-02-08 18:07:00 | Starting Training Session
2026-02-08 18:07:00 | --------------------------------
2026-02-08 18:07:04 | Epoch 1/30
2026-02-08 18:07:04 |    Train Loss: 0.7579 | Acc: 86.73%
2026-02-08 18:07:04 |    Val   Loss: 0.2557 | Acc: 93.08%
2026-02-08 18:07:04 |    --> Saving Best Model (0.2557)
2026-02-08 18:07:08 | Epoch 2/30
2026-02-08 18:07:08 |    Train Loss: 0.2416 | Acc: 93.05%
2026-02-08 18:07:08 |    Val   Loss: 0.1863 | Acc: 94.83%
2026-02-08 18:07:08 |    --> Saving Best Model (0.1863)
2026-02-08 18:07:12 | Epoch 3/30
2026-02-08 18:07:12 |    Train Loss: 0.1740 | Acc: 94.75%
2026-02-08 18:07:12 |    Val   Loss: 0.1488 | Acc: 95.68%
2026-02-08 18:07:12 |    --> Saving Best Model (0.1488)
2026-02-08 18:07:16 | Epoch 4/30
2026-02-08 18:07:16 |    Train Loss: 0.1458 | Acc: 95.69%
2026-02-08 18:07:16 |    Val   Loss: 0.1483 | Acc: 95.72%
2026-02-08 18:07:16 |    --> Saving Best Model (0.1483)
2026-02-08 18:07:19 | Epoch 5/30
2026-02-08 18:07:19 |    Train Loss: 0.1227 | Acc: 96.34%
2026-02-08 18:07:19 |    Val   Loss: 0.1269 | Acc: 96.47%
2026-02-08 18:07:19 |    --> Saving Best Model (0.1269)
2026-02-08 18:07:23 | Epoch 6/30
2026-02-08 18:07:23 |    Train Loss: 0.1090 | Acc: 96.76%
2026-02-08 18:07:23 |    Val   Loss: 0.1280 | Acc: 96.28%
2026-02-08 18:07:27 | Epoch 7/30
2026-02-08 18:07:27 |    Train Loss: 0.1021 | Acc: 96.98%
2026-02-08 18:07:27 |    Val   Loss: 0.1173 | Acc: 96.61%
2026-02-08 18:07:27 |    --> Saving Best Model (0.1173)
2026-02-08 18:07:30 | Epoch 8/30
2026-02-08 18:07:30 |    Train Loss: 0.0938 | Acc: 97.28%
2026-02-08 18:07:30 |    Val   Loss: 0.1186 | Acc: 96.44%
2026-02-08 18:07:34 | Epoch 9/30
2026-02-08 18:07:34 |    Train Loss: 0.0875 | Acc: 97.42%
2026-02-08 18:07:34 |    Val   Loss: 0.1038 | Acc: 96.88%
2026-02-08 18:07:34 |    --> Saving Best Model (0.1038)
2026-02-08 18:07:37 | Epoch 10/30
2026-02-08 18:07:37 |    Train Loss: 0.0826 | Acc: 97.59%
2026-02-08 18:07:37 |    Val   Loss: 0.1069 | Acc: 96.67%
2026-02-08 18:07:42 | Epoch 11/30
2026-02-08 18:07:42 |    Train Loss: 0.0781 | Acc: 97.79%
2026-02-08 18:07:42 |    Val   Loss: 0.0975 | Acc: 97.21%
2026-02-08 18:07:42 |    --> Saving Best Model (0.0975)


